n/1596761385399.jpg
n/1596761385417.jpg
n/images(123).jpg
n/2Q__(1234).jpg
n/1596761385388.jpg
n/1596761385234.jpg
n/1596761385194.jpg
n/1596761385240.jpg
n/1596761385280.jpg
n/1596761385404.jpg
n/1596761385352.jpg
n/1596761385440.jpg
n/1596761385323.jpg
n/1596761385337.jpg
n/1596761385220.jpg
n/1596761385334.jpg
n/1596761385261.jpg
n/1596761385322.jpg
n/1596761385212.jpg
n/images.jpg
n/1596761385436.jpg
n/1596761385222.jpg
n/images.png
n/WX9nszHrnaTOGs7Wb67HIKZ2_utrsv_M30KzgihNmrAuNGAAAAAElFTkSuQmCC.png
n/1596761385178.jpg
n/1596761385372.jpg
n/1596761385275.jpg
n/1596761385241.jpg
n/1596761385186.jpg
n/1596761385286.jpg
n/1596761385392.jpg
n/1596761385365.jpg
n/1596761385221.jpg
n/1596761385204.jpg
n/1596761385270.jpg
n/1596761385187.jpg
n/1596761385208.jpg
n/1596761385282.jpg
n/1596761385285.jpg
n/1596761385341.jpg
n/1596761385424.jpg
n/1596761385381.jpg
n/1596761385310.jpg
n/1596761385394.jpg
n/1596761385364.jpg
n/1596761385202.jpg
n/1596761385354.jpg
n/1596761385288.jpg
n/9k_(1234).jpg
n/1596761385277.jpg
n/1596761385177.jpg
n/1596761385371.jpg
n/1596761385196.jpg
n/1596761385347.jpg
n/1596761385266.jpg
n/1596761385217.jpg
n/1596761385332.jpg
n/1596761385284.jpg
n/1596761385213.jpg
n/1596761385328.jpg
n/1596761385321.jpg
n/1596761385297.jpg
n/1596761385242.jpg
n/1596761385206.jpg
n/1596761385389.jpg
n/1596761385253.jpg
n/1596761385191.jpg
n/1596761385283.jpg
n/1596761385422.jpg
n/1596761385215.jpg
n/1596761385192.jpg
n/1596761385400.jpg
n/1596761385416.jpg
n/gcS11I5XdtMpwAAAABJRU5ErkJggg__.png
n/1596761385434.jpg
n/1596761385306.jpg
n/1596761385180.jpg
n/1596761385378.jpg
n/1596761385232.jpg
n/images(1234).jpg
n/1596761385263.jpg
n/1596761385228.jpg
n/1596761385298.jpg
n/1596761385409.jpg
n/1596761385357.jpg
n/1596761385320.jpg
n/1596761385439.jpg
n/EPkegtu5oyx2EAAAAASUVORK5CYII_.png
n/1596761385278.jpg
n/1596761385235.jpg
n/1596761385383.jpg
n/1596761385335.jpg
n/1596761385401.jpg
n/1596761385183.jpg
n/1596761385410.jpg
n/1596761385172.jpg
n/1596761385224.jpg
n/1596761385386.jpg
n/1596761385188.jpg
n/1596761385444.jpg
n/1596761385239.jpg
n/1596761385252.jpg
n/1596761385441.jpg
n/1596761385311.jpg
n/1596761385259.jpg
n/1596761385287.jpg
n/1596761385226.jpg
n/1596761385346.jpg
n/1596761385214.jpg
n/1596761385307.jpg
n/1596761385272.jpg
n/Z(1234).jpg
n/1596761385210.jpg
n/1596761385395.jpg
n/1596761385308.jpg
n/1596761385223.jpg
n/1596761385344.jpg
n/1596761385330.jpg
n/1596761385402.jpg
n/Z(123).jpg
n/1596761385339.jpg
n/1596761385309.jpg
n/1596761385438.jpg
n/1596761385254.jpg
n/1596761385190.jpg
n/1596761385387.jpg
n/1596761385185.jpg
n/1596761385356.jpg
n/1596761385408.jpg
n/1596761385305.jpg
n/1596761385219.jpg
n/1596761385203.jpg
n/1596761385299.jpg
n/1596761385233.jpg
n/1596761385396.jpg
n/1596761385349.jpg
n/1596761385237.jpg
n/1596761385268.jpg
n/1596761385355.jpg
n/1596761385218.jpg
n/1596761385189.jpg
n/1596761385300.jpg
n/1596761385265.jpg
n/1596761385251.jpg
n/1596761385179.jpg
n/1596761385377.jpg
n/1596761385333.jpg
n/1596761385350.jpg
n/1596761385429.jpg
n/1596761385318.jpg
n/1596761385256.jpg
n/1596761385448.jpg
n/wwguuhvDcAAAAAElFTkSuQmCC.png
n/1596761385361.jpg
n/1596761385294.jpg
n/1596761385199.jpg
n/1596761385267.jpg
n/1596761385182.jpg
n/1596761385376.jpg
n/1596761385274.jpg
n/1596761385353.jpg
n/1596761385231.jpg
n/1596761385342.jpg
n/1596761385324.jpg
n/1596761385446.jpg
n/1596761385315.jpg
n/1596761385435.jpg
n/1596761385289.jpg
n/1596761385236.jpg
n/1596761385248.jpg
n/1596761385426.jpg
n/1596761385260.jpg
n/1596761385173.jpg
n/1596761385384.jpg
n/1596761385245.jpg
n/1596761385302.jpg
n/1596761385171.jpg
n/1596761385227.jpg
n/1596761385380.jpg
n/1596761385413.jpg
n/1596761385379.jpg
n/1596761385412.jpg
n/1596761385255.jpg
n/1596761385358.jpg
n/1596761385304.jpg
n/1596761385385.jpg
n/1596761385345.jpg
n/1596761385250.jpg
n/1596761385431.jpg
n/1596761385225.jpg
n/2Q__.jpg
n/1596761385313.jpg
n/1596761385411.jpg
n/1596761385370.jpg
n/1596761385229.jpg
n/1596761385340.jpg
n/1596761385437.jpg
n/1596761385369.jpg
n/1596761385303.jpg
n/1596761385421.jpg
n/1596761385314.jpg
n/1596761385249.jpg
n/1596761385181.jpg
n/1596761385375.jpg
n/1596761385269.jpg
n/1596761385296.jpg
n/1596761385359.jpg
n/1596761385198.jpg
n/1596761385445.jpg
n/1596761385258.jpg
n/1596761385262.jpg
n/1596761385293.jpg
n/1596761385348.jpg
n/1596761385368.jpg
n/1596761385184.jpg
n/1596761385433.jpg
n/1596761385316.jpg
n/1596761385209.jpg
n/1596761385193.jpg
n/1596761385207.jpg
n/1596761385338.jpg
n/1596761385319.jpg
n/1596761385427.jpg
n/1596761385331.jpg
n/9k_.jpg
n/1596761385244.jpg
n/9k_(123).jpg
n/1596761385367.jpg
n/1596761385200.jpg
n/1596761385390.jpg
n/1596761385279.jpg
n/1596761385415.jpg
n/1596761385397.jpg
n/1596761385326.jpg
n/1596761385403.jpg
n/1596761385443.jpg
n/1596761385291.jpg
n/1596761385327.jpg
n/1596761385216.jpg
n/1596761385201.jpg
n/1596761385276.jpg
n/1596761385363.jpg
n/1596761385174.jpg
n/1596761385290.jpg
n/1596761385230.jpg
n/1596761385271.jpg
n/1596761385419.jpg
n/1596761385176.jpg
n/1596761385374.jpg
n/1596761385243.jpg
n/Z.jpg
n/1596761385418.jpg
n/1596761385175.jpg
n/1596761385373.jpg
n/1596761385406.jpg
n/1596761385273.jpg
n/1596761385257.jpg
n/1596761385292.jpg
n/1596761385329.jpg
n/1596761385430.jpg
n/1596761385362.jpg
n/1596761385360.jpg
n/1596761385301.jpg
n/2Q__(123).jpg
n/1596761385425.jpg
n/1596761385325.jpg
n/1596761385312.jpg
n/1596761385343.jpg
n/1596761385414.jpg
n/1596761385398.jpg
n/1596761385205.jpg
n/1596761385281.jpg
n/1596761385195.jpg
n/1596761385382.jpg
n/1596761385405.jpg
n/1596761385447.jpg
n/1596761385247.jpg
n/1596761385366.jpg
n/1596761385197.jpg
n/1596761385391.jpg
n/1596761385295.jpg
n/1596761385246.jpg
n/1596761385351.jpg
n/1596761385423.jpg
n/1596761385317.jpg
n/1596761385211.jpg
n/1596761385238.jpg
n/1596761385336.jpg
n/1596761385238.png
n/1596761385264.jpg