p/1596761385485.jpg 1 0 0 299 169
p/Largemouth_bass_DuaneRavenArt.png 1 0 0 1256 501
p/1596761385494.jpg 1 0 0 243 207
p/1596761385567.jpg 1 0 0 275 183
p/1596761385535.jpg 1 0 0 251 201
p/1596761385490.jpg 1 0 0 348 145
p/Striped-bass.jpg 1 0 0 1600 615
p/1596761385540.jpg 1 0 0 275 183
p/1596761385504.jpg 1 0 0 100 100
p/images.jpg 1 0 0 100 100
p/images.png 1 0 0 287 176
p/1596761385562.jpg 1 0 0 289 174
p/1596761385511.jpg 1 0 0 299 168
p/70c3276e-c76c-4581-8d57-07dbdcf37759.jpeg 1 0 0 768 350
p/1596761385517.jpg 1 0 0 265 190
p/1596761385557.jpg 1 0 0 274 184
p/Sea_Bass_(side).jpg 1 0 0 500 375
p/Rainbow-lat.jpg 1 0 0 640 480
p/1596761385556.jpg 1 0 0 100 100
p/1596761385518.jpg 1 0 0 323 156
p/2.jpg09D84AFC-6A72-46FE-BBF9-2955FC467B2AOriginal.jpg 1 0 0 1480 800
p/1596761385512.jpg 1 0 0 300 168
p/1596761385561.jpg 1 0 0 272 185
p/1596761385489.jpg 1 0 0 325 131
p/1596761385539.jpg 1 0 0 283 178
p/1596761385516.jpg 1 0 0 350 144
p/1596761385534.jpg 1 0 0 183 276
p/1596761385495.jpg 1 0 0 297 170
p/1596761385484.jpg 1 0 0 350 144
p/bass-fish-solid-3d-print-model.jpeg 1 0 0 200 180
p/106605749-large-mouth-bass-fish-that-has-just-been-caught.jpg 1 0 0 1300 822
p/1596761385487.JPG 1 0 0 480 133
p/White_bass_DuaneRavenArt.png 1 0 0 1256 579
p/1596761385505.jpg 1 0 0 100 100
p/1596761385523.jpg 1 0 0 275 183
p/1596761385551.jpg 1 0 0 300 168
p/1596761385563.jpg 1 0 0 282 179
p/il_570xN.1719891097_d98i.jpg 1 0 0 570 567
p/hybrid_st_bass.jpg 1 0 0 871 424
p/risen-tide-san-diego-sportfishing-13-1024x683.jpg 1 0 0 1024 683
p/1596761385483.jpg 1 0 0 262 192
p/1596761385500.jpg 1 0 0 285 177
p/1596761385573.jpg 1 0 0 284 178
p/1596761385529.jpg 1 0 0 280 180
p/1596761385546.jpg 1 0 0 100 100
p/1596761385527.jpg 1 0 0 252 200
p/striped-bass-silo.jpg 1 0 0 740 364
p/1596761385491.jpg 1 0 0 289 174
p/1596761385545.jpg 1 0 0 259 194
p/1596761385538.jpg 1 0 0 284 178
p/1596761385528.jpg 1 0 0 300 168
p/1596761385572.jpg 1 0 0 275 183
p/1596761385501.jpg 1 0 0 275 183
p/1596761385482.jpg 1 0 0 297 170
p/Striped-bass-illustration-by-Duane-Raver-DNREC-e1582233026769.jpg 1 0 0 550 218
p/1596761385564.jpg 1 0 0 309 163
p/1596761385550.jpg 1 0 0 230 219
p/1596761385524.jpg 1 0 0 225 225
p/1596761385506.jpg 1 0 0 275 183
p/Striped-bass-lat-1.jpg 1 0 0 640 480
p/1596761385492.jpg 1 0 0 1173 540
p/1596761385548.jpg 1 0 0 361 139
p/1596761385502.jpg 1 0 0 273 185
p/1596761385553.jpg 1 0 0 275 183
p/Dicentrarchus_labrax01.jpg 1 0 0 440 240
p/1596761385521.jpg 1 0 0 314 161
p/1596761385507.jpg 1 0 0 321 157
p/6a93799bb80a6a4a8d7cf37a7ed4f849.jpeg 1 0 0 550 294
p/1596761385549.jpg 1 0 0 330 153
p/1596761385544.jpg 1 0 0 259 194
p/1596761385531.jpg 1 0 0 286 176
p/1596761385571.jpg 1 0 0 255 198
p/1596761385498.jpg 1 0 0 288 175
p/1596761385481.jpg 1 0 0 289 174
p/1596761385525.jpg 1 0 0 289 174
p/1596761385526.jpg 1 0 0 275 183
p/Micropterus_punctulatus.jpg 1 0 0 672 377
p/1596761385499.jpg 1 0 0 275 183
p/1596761385570.jpg 1 0 0 306 165
p/2Q__.jpg 1 0 0 342 147
p/1596761385515.jpeg 1 0 0 225 225
p/1596761385530.jpg 1 0 0 259 194
p/1596761385560.jpg 1 0 0 346 146
p/1596761385543.jpg 1 0 0 259 194
p/1596761385508.jpg 1 0 0 275 183
p/480px-StripedBass.jpg 1 0 0 480 133
p/1596761385522.jpg 1 0 0 100 100
p/1596761385552.jpg 1 0 0 345 146
p/1596761385492.jpeg 1 0 0 222 227
p/1596761385503.jpg 1 0 0 246 204
p/1596761385547.jpg 1 0 0 100 100
p/1596761385565.jpg 1 0 0 640 480
p/440px-Largemouth_bass_with_Sunfish.jpg 1 0 0 440 293
p/1596761385488.jpg 1 0 0 337 150
p/1596761385542.jpg 1 0 0 299 168
p/1596761385533.jpg 1 0 0 274 184
p/1596761385569.jpg 1 0 0 266 189
p/9k_.jpg 1 0 0 341 148
p/1596761385496.jpg 1 0 0 279 181
p/1596761385559.jpg 1 0 0 279 180
p/Black-sea-bass.jpg 1 0 0 1600 741
p/1596761385513.jpg 1 0 0 259 194
p/1596761385566.jpg 1 0 0 527 231
p/lmbassbig.jpg 1 0 0 550 252
p/1596761385537.jpg 1 0 0 275 183
p/stripedbassthumb1.jpg 1 0 0 527 231
p/images.jpeg 1 0 0 326 154
p/1596761385555.jpg 1 0 0 100 100
p/1596761385519.jpg 1 0 0 225 225
p/1596761385526.jpeg 1 0 0 225 225
p/il_570xN.1672412962_166p.jpg 1 0 0 570 567
p/1596761385509.jpg 1 0 0 327 154
p/white_bass.jpg 1 0 0 800 518
p/Z.jpg 1 0 0 100 100
p/1596761385510.jpg 1 0 0 255 198
p/1596761385520.jpg 1 0 0 201 251
p/1596761385554.jpg 1 0 0 100 100
p/8zVjfo8xBJaQyjf3lt9HphzE_LCPSeYOZ72qSsWoHV0X8BPXt7d2MDLisAAAAASUVORK5CYII_.png 1 0 0 250 201
p/1596761385536.jpg 1 0 0 365 138
p/1596761385514.jpg 1 0 0 222 222
p/1596761385558.jpg 1 0 0 275 183
p/1596761385486.jpg 1 0 0 275 183
p/1596761385497.jpg 1 0 0 342 147
p/1596761385568.jpg 1 0 0 356 142
p/1596761385532.jpg 1 0 0 300 168
p/1596761385503.jpeg 1 0 0 300 168
p/1596761385493.jpg 1 0 0 100 100
p/1596761385541.jpg 1 0 0 276 183
p/1596761385493.png 1 0 0 254 198